Running 'gradlew :app:bundleRelease' in /home/expo/workingdir/build/mobile/android
Downloading https://services.gradle.org/distributions/gradle-8.8-all.zip
10%
20%.
30%.
40%
50%.
60%.
70%.
80%.
90%
100%
Welcome to Gradle 8.8!
Here are the highlights of this release:
- Running Gradle on Java 22
- Configurable Gradle daemon JVM
- Improved IDE performance for large projects
For more details see https://docs.gradle.org/8.8/release-notes.html
To honour the JVM settings for this build a single-use Daemon process will be forked. For more on this, please refer to https://docs.gradle.org/8.8/userguide/gradle_daemon.html#sec:disabling_the_daemon in the Gradle documentation.
Daemon will be stopped at the end of the build
> Task :gradle-plugin:settings-plugin:checkKotlinGradlePluginConfigurationErrors
> Task :gradle-plugin:shared:checkKotlinGradlePluginConfigurationErrors
> Task :gradle-plugin:settings-plugin:pluginDescriptors
> Task :gradle-plugin:settings-plugin:processResources
> Task :gradle-plugin:shared:processResources NO-SOURCE
> Task :gradle-plugin:shared:compileKotlin
> Task :gradle-plugin:shared:compileJava NO-SOURCE
> Task :gradle-plugin:shared:classes UP-TO-DATE
> Task :gradle-plugin:shared:jar
> Task :gradle-plugin:settings-plugin:compileKotlin
> Task :gradle-plugin:settings-plugin:compileJava
NO-SOURCE
> Task :gradle-plugin:settings-plugin:classes
> Task :gradle-plugin:settings-plugin:jar
> Task :gradle-plugin:react-native-gradle-plugin:checkKotlinGradlePluginConfigurationErrors
> Task :expo-updates-gradle-plugin:checkKotlinGradlePluginConfigurationErrors
> Task :expo-updates-gradle-plugin:pluginDescriptors
> Task :expo-updates-gradle-plugin:processResources
> Task :gradle-plugin:react-native-gradle-plugin:pluginDescriptors
> Task :gradle-plugin:react-native-gradle-plugin:processResources
> Task :gradle-plugin:react-native-gradle-plugin:compileKotlin
> Task :gradle-plugin:react-native-gradle-plugin:compileJava NO-SOURCE
> Task :gradle-plugin:react-native-gradle-plugin:classes
> Task :gradle-plugin:react-native-gradle-plugin:jar
> Task :expo-updates-gradle-plugin:compileKotlin
> Task :expo-updates-gradle-plugin:compileJava NO-SOURCE
> Task :expo-updates-gradle-plugin:classes
> Task :expo-updates-gradle-plugin:jar
> Configure project :app
â„¹ï¸  [33mApplying gradle plugin[0m '[32mexpo-updates-gradle-plugin[0m' (expo-updates@0.27.4)
> Configure project :expo-updates
ksp-1.9.23-1.0.20 is too old for kotlin-1.9.24. Please upgrade ksp or downgrade kotlin-gradle-plugin to 1.9.23.
ksp-1.9.23-1.0.20 is too old for kotlin-1.9.24. Please upgrade ksp or downgrade kotlin-gradle-plugin to 1.9.23.
ksp-1.9.23-1.0.20 is too old for kotlin-1.9.24. Please upgrade ksp or downgrade kotlin-gradle-plugin to 1.9.23.
ksp-1.9.23-1.0.20 is too old for kotlin-1.9.24. Please upgrade ksp or downgrade kotlin-gradle-plugin to 1.9.23.
ksp-1.9.23-1.0.20 is too old for kotlin-1.9.24. Please upgrade ksp or downgrade kotlin-gradle-plugin to 1.9.23.
ksp-1.9.23-1.0.20 is too old for kotlin-1.9.24. Please upgrade ksp or downgrade kotlin-gradle-plugin to 1.9.23.
ksp-1.9.23-1.0.20 is too old for kotlin-1.9.24. Please upgrade ksp or downgrade kotlin-gradle-plugin to 1.9.23.
ksp-1.9.23-1.0.20 is too old for kotlin-1.9.24. Please upgrade ksp or downgrade kotlin-gradle-plugin to 1.9.23.
ksp-1.9.23-1.0.20 is too old for kotlin-1.9.24. Please upgrade ksp or downgrade kotlin-gradle-plugin to 1.9.23.
ksp-1.9.23-1.0.20 is too old for kotlin-1.9.24. Please upgrade ksp or downgrade kotlin-gradle-plugin to 1.9.23.
> Configure project :expo
Using expo modules
  - [32mexpo-asset[0m (11.0.5)
  - [32mexpo-constants[0m (17.0.8)
  - [32mexpo-eas-client[0m (0.13.3)
  - [32mexpo-file-system[0m (18.0.12)
  - [32mexpo-json-utils[0m (0.14.0)
- [32mexpo-location[0m (18.0.10)
  - [32mexpo-manifests[0m (0.15.8)
  - [32mexpo-modules-core[0m (2.2.3)
  - [32mexpo-splash-screen[0m (0.29.24)
  - [32mexpo-structured-headers[0m (4.0.0)
  - [32mexpo-updates[0m (0.27.4)
> Task :app:createBundleReleaseJsAndAssets
Starting Metro Bundler
Android Bundled 460ms node_modules/expo/AppEntry.js (526 modules)
Writing bundle output to: /home/expo/workingdir/build/mobile/android/app/build/generated/assets/createBundleReleaseJsAndAssets/index.android.bundle
Writing sourcemap output to: /home/expo/workingdir/build/mobile/android/app/build/intermediates/sourcemaps/react/release/index.android.bundle.packager.map
Done writing bundle output
Done writing sourcemap output
/home/expo/workingdir/build/mobile/android/app/build/generated/assets/createBundleReleaseJsAndAssets/index.android.bundle:3899:16: warning: the variable "SharedArrayBuffer" was not declared in function "from"
    if (typeof SharedArrayBuffer !== 'undefined' && (isInstance(value, Shared...
^~~~~~~~~~~~~~~~~
/home/expo/workingdir/build/mobile/android/app/build/generated/assets/createBundleReleaseJsAndAssets/index.android.bundle:7787:23: warning: the variable "DebuggerInternal" was not declared in function "__shouldPauseOnThrow"
        return typeof DebuggerInternal !== 'undefined' && DebuggerInternal.sh...
                      ^~~~~~~~~~~~~~~~
/home/expo/workingdir/build/mobile/android/app/build/generated/assets/createBundleReleaseJsAndAssets/index.android.bundle:18143:7: warning: the variable "setTimeout" was not declared in function "logCapturedError"
      setTimeout(function () {
      ^~~~~~~~~~
/home/expo/workingdir/build/mobile/android/app/build/generated/assets/createBundleReleaseJsAndAssets/index.android.bundle:16377:31: warning: the variable "nativeFabricUIManager" was not declared in anonymous function " 392#"
  var _nativeFabricUIManage = nativeFabricUIManager,
                              ^~~~~~~~~~~~~~~~~~~~~
/home/expo/workingdir/build/mobile/android/app/build/generated/assets/createBundleReleaseJsAndAssets/index.android.bundle:16405:21: warning: the variable "clearTimeout" was not declared in anonymous function " 392#"
    cancelTimeout = clearTimeout;
                    ^~~~~~~~~~~~
/home/expo/workingdir/build/mobile/android/app/build/generated/assets/createBundleReleaseJsAndAssets/index.android.bundle:16418:51: warning: the variable "RN$enableMicrotasksInReact" was not declared in anonymous function " 392#"
... "undefined" !== typeof RN$enableMicrotasksInReact && !!RN$enableMicrotask...
                           ^~~~~~~~~~~~~~~~~~~~~~~~~~
/home/expo/workingdir/build/mobile/android/app/build/generated/assets/createBundleReleaseJsAndAssets/index.android.bundle:16419:47: warning: the variable "queueMicrotask" was not declared in anonymous function " 392#"
...otask = "function" === typeof queueMicrotask ? queueMicrotask : scheduleTi...
                                 ^~~~~~~~~~~~~~
/home/expo/workingdir/build/mobile/android/app/build/generated/assets/createBundleReleaseJsAndAssets/index.android.bundle:20840:30: warning: the variable "__REACT_DEVTOOLS_GLOBAL_HOOK__" was not declared in anonymous function " 392#"
  if ("undefined" !== typeof __REACT_DEVTOOLS_GLOBAL_HOOK__) {
                             ^~~~~~~~~~~~~~~~~~~~~~~~~~~~~~
/home/expo/workingdir/build/mobile/android/app/build/generated/assets/createBundleReleaseJsAndAssets/index.android.bundle:22274:5: warning: the variable "setImmediate" was not declared in function "handleResolved"
    setImmediate(function () {
    ^~~~~~~~~~~~
/home/expo/workingdir/build/mobile/android/app/build/generated/assets/createBundleReleaseJsAndAssets/index.android.bundle:25537:5: warning: the variable "fetch" was not declared in anonymous function " 615#"
    fetch,
    ^~~~~
/home/expo/workingdir/build/mobile/android/app/build/generated/assets/createBundleReleaseJsAndAssets/index.android.bundle:25538:5: warning: the variable "Headers" was not declared in anonymous function " 615#"
    Headers,
    ^~~~~~~
/home/expo/workingdir/build/mobile/android/app/build/generated/assets/createBundleReleaseJsAndAssets/index.android.bundle:25539:5: warning: the variable "Request" was not declared in anonymous function " 615#"
    Request,
    ^~~~~~~
/home/expo/workingdir/build/mobile/android/app/build/generated/assets/createBundleReleaseJsAndAssets/index.android.bundle:25540:5: warning: the variable "Response" was not declared in anonymous function " 615#"
    Response
    ^~~~~~~~
/home/expo/workingdir/build/mobile/android/app/build/generated/assets/createBundleReleaseJsAndAssets/index.android.bundle:25697:24: warning: the variable "FileReader" was not declared in function "readBlobAsArrayBuffer"
      var reader = new FileReader();
                       ^~~~~~~~~~
/home/expo/workingdir/build/mobile/android/app/build/generated/assets/createBundleReleaseJsAndAssets/index.android.bundle:25752:44: warning: the variable "URLSearchParams" was not declared in anonymous function " 626#"
...e if (support.searchParams && URLSearchParams.prototype.isPrototypeOf(body...
                                 ^~~~~~~~~~~~~~~
/home/expo/workingdir/build/mobile/android/app/build/generated/assets/createBundleReleaseJsAndAssets/index.android.bundle:25871:26: warning: the variable "AbortController" was not declared in anonymous function " 632#"
          var ctrl = new AbortController();
                         ^~~~~~~~~~~~~~~
/home/expo/workingdir/build/mobile/android/app/build/generated/assets/createBundleReleaseJsAndAssets/index.android.bundle:26005:23: warning: the variable "XMLHttpRequest" was not declared in anonymous function " 636#"
        var xhr = new XMLHttpRequest();
                      ^~~~~~~~~~~~~~
/home/expo/workingdir/build/mobile/android/app/build/generated/assets/createBundleReleaseJsAndAssets/index.android.bundle:25550:71: warning: the variable "self" was not declared in anonymous function " 618#"
...undefined' && globalThis || typeof self !== 'undefined' && self ||
^~~~
/home/expo/workingdir/build/mobile/android/app/build/generated/assets/createBundleReleaseJsAndAssets/index.android.bundle:28392:26: warning: the variable "navigator" was not declared in anonymous function " 795#"
  "undefined" !== typeof navigator && undefined !== navigator.scheduling && u...
                         ^~~~~~~~~
/home/expo/workingdir/build/mobile/android/app/build/generated/assets/createBundleReleaseJsAndAssets/index.android.bundle:28502:37: warning: the variable "MessageChannel" was not declared in anonymous function " 795#"
  };else if ("undefined" !== typeof MessageChannel) {
                                    ^~~~~~~~~~~~~~
/home/expo/workingdir/build/mobile/android/app/build/generated/assets/createBundleReleaseJsAndAssets/index.android.bundle:28517:34: warning: the variable "nativeRuntimeScheduler" was not declared in anonymous function " 795#"
... = "undefined" !== typeof nativeRuntimeScheduler ? nativeRuntimeScheduler....
                             ^~~~~~~~~~~~~~~~~~~~~~
/home/expo/workingdir/build/mobile/android/app/build/generated/assets/createBundleReleaseJsAndAssets/index.android.bundle:38366:34: warning: the variable "requestAnimationFrame" was not declared in function "start 9#"
...    this._animationFrame = requestAnimationFrame(this.onUpdate.bind(this));
                              ^~~~~~~~~~~~~~~~~~~~~
> Task :app:generateAutolinkingPackageList FAILED
FAILURE: Build failed with an exception.
* What went wrong:
Execution failed for task ':app:generateAutolinkingPackageList'.
> RNGP - Autolinking: Could not find project.android.packageName in react-native config output! Could not autolink packages without this field.
* Try:
> Run with --stacktrace option to get the stack trace.
> Run with --info or --debug option to get more log output.
> Run with --scan to get full insights.
> Get more help at https://help.gradle.org.
BUILD FAILED in 1m 39s
20 actionable tasks: 20 executed
Error: Gradle build failed with unknown error. See logs for the "Run gradlew" phase for more information.